SF:lib/presentation/bloc/movie_top_rated/movie_top_rated_state.dart
DA:4,2
DA:6,1
DA:7,1
DA:13,1
DA:14,1
DA:20,2
DA:22,1
DA:23,2
DA:29,1
DA:31,1
DA:32,2
LF:11
LH:11
end_of_record
SF:lib/presentation/bloc/movie_top_rated/movie_top_rated_bloc.dart
DA:13,3
DA:14,2
DA:17,1
DA:21,2
DA:23,2
DA:25,1
DA:26,1
DA:27,3
DA:29,1
DA:30,1
DA:31,2
DA:32,2
LF:12
LH:12
end_of_record
SF:lib/presentation/bloc/movie_top_rated/movie_top_rated_event.dart
DA:8,1
DA:9,1
LF:2
LH:2
end_of_record
SF:lib/presentation/bloc/movie_now_playing/movie_now_playing_state.dart
DA:6,1
DA:7,1
DA:11,1
DA:12,1
DA:18,1
DA:20,1
DA:21,2
DA:27,1
DA:29,1
DA:30,2
LF:10
LH:10
end_of_record
SF:lib/presentation/bloc/movie_now_playing/movie_now_playing_event.dart
DA:6,0
DA:7,0
LF:2
LH:0
end_of_record
SF:lib/presentation/bloc/movie_now_playing/movie_now_playing_bloc.dart
DA:14,1
DA:15,2
DA:16,2
DA:19,1
DA:21,2
DA:23,2
DA:25,1
DA:26,1
DA:27,3
DA:29,1
DA:30,1
DA:31,2
DA:32,2
LF:13
LH:13
end_of_record
SF:lib/presentation/bloc/movie_popular/movie_popular_state.dart
DA:4,2
DA:6,1
DA:7,1
DA:13,1
DA:14,1
DA:20,2
DA:22,1
DA:23,2
DA:29,1
DA:31,1
DA:32,2
LF:11
LH:11
end_of_record
SF:lib/presentation/bloc/movie_popular/movie_popular_event.dart
DA:8,4
DA:9,4
LF:2
LH:2
end_of_record
SF:lib/presentation/bloc/movie_popular/movie_popular_bloc.dart
DA:13,3
DA:14,2
DA:19,1
DA:23,2
DA:25,2
DA:27,1
DA:28,1
DA:29,3
DA:31,1
DA:32,1
DA:33,2
DA:34,2
LF:12
LH:12
end_of_record
SF:lib/presentation/bloc/movie_detail/movie_detail_state.dart
DA:6,1
DA:7,1
DA:11,1
DA:12,1
DA:18,1
DA:20,1
DA:21,2
DA:27,1
DA:29,1
DA:30,2
LF:10
LH:10
end_of_record
SF:lib/presentation/bloc/movie_detail/movie_detail_event.dart
DA:6,1
DA:9,0
DA:10,0
LF:3
LH:1
end_of_record
SF:lib/presentation/bloc/movie_detail/movie_detail_bloc.dart
DA:13,3
DA:14,2
DA:17,1
DA:19,1
DA:21,2
DA:22,2
DA:24,2
DA:25,3
DA:26,1
DA:27,2
LF:10
LH:10
end_of_record
SF:lib/presentation/bloc/movie_recommendation/movie_recommendation_state.dart
DA:4,2
DA:6,1
DA:7,1
DA:13,1
DA:14,1
DA:20,2
DA:22,1
DA:23,2
DA:29,1
DA:31,1
DA:32,2
LF:11
LH:11
end_of_record
SF:lib/presentation/bloc/movie_recommendation/movie_recommendation_event.dart
DA:4,1
DA:10,1
DA:11,0
DA:12,0
LF:4
LH:2
end_of_record
SF:lib/presentation/bloc/movie_recommendation/movie_recommendation_bloc.dart
DA:15,1
DA:16,2
DA:17,2
DA:20,1
DA:24,1
DA:25,2
DA:27,2
DA:29,1
DA:30,1
DA:31,3
DA:33,1
DA:34,1
DA:35,2
DA:36,2
LF:14
LH:14
end_of_record
